{
  "RSpec": {
    "coverage": {
      "/Users/nelgau/Code/airbnb/collude/lib/collude.rb": [
        1,
        1,
        1,
        null,
        1,
        null,
        1,
        1,
        null,
        0,
        null,
        null,
        null
      ],
      "/Users/nelgau/Code/airbnb/collude/lib/collude/context.rb": [
        1,
        null,
        1,
        1,
        null,
        1,
        1,
        1,
        1,
        1,
        null,
        1,
        null,
        null,
        1,
        12,
        null,
        null,
        1,
        10,
        null,
        null,
        1,
        1,
        null,
        null,
        1,
        1,
        1,
        null,
        null,
        null,
        1,
        10,
        null,
        null,
        1,
        10,
        null,
        null,
        null,
        null
      ],
      "/Users/nelgau/Code/airbnb/collude/lib/collude/context/enumerator.rb": [
        1,
        1,
        1,
        1,
        null,
        1,
        1,
        null,
        1,
        1,
        1,
        null,
        null,
        1,
        1,
        1,
        null,
        null,
        null,
        null,
        null
      ],
      "/Users/nelgau/Code/airbnb/collude/lib/collude/realizer.rb": [
        1,
        null,
        1,
        1,
        1,
        10,
        null,
        null,
        null,
        1,
        0,
        null,
        null,
        null
      ],
      "/Users/nelgau/Code/airbnb/collude/lib/collude/realizer/proxy.rb": [
        1,
        1,
        1,
        1,
        10,
        10,
        10,
        10,
        null,
        null,
        10,
        null,
        null,
        1,
        null,
        1,
        10,
        10,
        null,
        null,
        1,
        10,
        10,
        10,
        null,
        null,
        null,
        null
      ]
    },
    "timestamp": 1397809465
  }
}
